 Drift.BEGL
 Quadrupole.QLF1E
 Drift.DLMA1E
 Drift.WIGG1
 Drift.WIGG2
 Drift.DLMA1E
 BPM.BPM1010
 Quadrupole.QLMA1E
 Drift.DLMA2
 BPM.BPM1020
 Quadrupole.QLMA2E
 Drift.DLMA3
 BPM.BPM1030
 Quadrupole.QLMA3E
 Drift.DLMA4
 BPM.BPM1040
 Quadrupole.QLMA4E
 Drift.DLMA5
 SectorBend.BLPA
 Drift.D20CM
 SectorBend.BLPA
 Drift.D30CM
 SectorBend.BLPA
 Drift.D20CM
 SectorBend.BLPA
 Drift.DLPA1
 SectorBend.BLPA
 Drift.D20CM
 SectorBend.BLPA
 Drift.D30CM
 SectorBend.BLPA
 Drift.D20CM
 SectorBend.BLPA
 Drift.DLPA1
 SectorBend.BLPA
 Drift.D20CM
 SectorBend.BLPA
 Drift.D30CM
 SectorBend.BLPA
 Drift.D20CM
 SectorBend.BLPA
 Drift.DLPA1
 SectorBend.BLPA
 Drift.D20CM
 SectorBend.BLPA
 Drift.D30CM
 SectorBend.BLPA
 Drift.D20CM
 SectorBend.BLPA
 Drift.DLPA1
 SectorBend.BLPA
 Drift.D20CM
 SectorBend.BLPA
 Drift.D30CM
 SectorBend.BLPA
 Drift.D20CM
 SectorBend.BLPA
 Drift.DLPA1
 SectorBend.BLNA
 Drift.D20CM
 SectorBend.BLNA
 Drift.D30CM
 SectorBend.BLNA
 Drift.D20CM
 SectorBend.BLNA
 Drift.DLPA2
 BPM.BPM2000
 Quadrupole.QLPA1
 Drift.DLPA3
 BPM.BPM2010
 Quadrupole.QLPA2
 Drift.DLPA4
 Sextupole.SLPA
 Drift.DLPA4
 BPM.BPM2020
 Quadrupole.QLPA2
 Drift.DLPA3
 BPM.BPM2030
 Quadrupole.QLPA1
 Drift.DLPA2
 SectorBend.BLNA
 Drift.D20CM
 SectorBend.BLNA
 Drift.D30CM
 SectorBend.BLNA
 Drift.D20CM
 SectorBend.BLNA
 Drift.DLPA1
 SectorBend.BLPA
 Drift.D20CM
 SectorBend.BLPA
 Drift.D30CM
 SectorBend.BLPA
 Drift.D20CM
 SectorBend.BLPA
 Drift.DLPA1
 SectorBend.BLPA
 Drift.D20CM
 SectorBend.BLPA
 Drift.D30CM
 SectorBend.BLPA
 Drift.D20CM
 SectorBend.BLPA
 Drift.DLPA1
 SectorBend.BLPA
 Drift.D20CM
 SectorBend.BLPA
 Drift.D30CM
 SectorBend.BLPA
 Drift.D20CM
 SectorBend.BLPA
 Drift.DLPA1
 SectorBend.BLPA
 Drift.D20CM
 SectorBend.BLPA
 Drift.D30CM
 SectorBend.BLPA
 Drift.D20CM
 SectorBend.BLPA
 Drift.DLPA1
 SectorBend.BLPA
 Drift.D20CM
 SectorBend.BLPA
 Drift.D30CM
 SectorBend.BLPA
 Drift.D20CM
 SectorBend.BLPA
 Drift.DLPN1
 BPM.BPM2100
 Quadrupole.QLPN1
 Drift.DLPN2
 BPM.BPM2100
 Quadrupole.QLPN2
 Drift.DLPN2
 BPM.BPM2100
 Quadrupole.QLPN3
 Drift.DLPN1
 SectorBend.BLNA
 Drift.D20CM
 SectorBend.BLNA
 Drift.D30CM
 SectorBend.BLNA
 Drift.D20CM
 SectorBend.BLNA
 Drift.DLNA1
 SectorBend.BLNA
 Drift.D20CM
 SectorBend.BLNA
 Drift.D30CM
 SectorBend.BLNA
 Drift.D20CM
 SectorBend.BLNA
 Drift.DLNA1
 SectorBend.BLNA
 Drift.D20CM
 SectorBend.BLNA
 Drift.D30CM
 SectorBend.BLNA
 Drift.D20CM
 SectorBend.BLNA
 Drift.DLNA1
 SectorBend.BLNA
 Drift.D20CM
 SectorBend.BLNA
 Drift.D30CM
 SectorBend.BLNA
 Drift.D20CM
 SectorBend.BLNA
 Drift.DLNA1
 SectorBend.BLNA
 Drift.D20CM
 SectorBend.BLNA
 Drift.D30CM
 SectorBend.BLNA
 Drift.D20CM
 SectorBend.BLNA
 Drift.DLNA1
 SectorBend.BLPA
 Drift.D20CM
 SectorBend.BLPA
 Drift.D30CM
 SectorBend.BLPA
 Drift.D20CM
 SectorBend.BLPA
 Drift.DLNA2
 BPM.BPM2200
 Quadrupole.QLNA1
 Drift.DLNA3
 BPM.BPM2210
 Quadrupole.QLNA2
 Drift.DLNA4
 Sextupole.SLNA
 Drift.DLNA4
 BPM.BPM2220
 Quadrupole.QLNA2
 Drift.DLNA3
 BPM.BPM2230
 Quadrupole.QLNA1
 Drift.DLNA2
 SectorBend.BLPA
 Drift.D20CM
 SectorBend.BLPA
 Drift.D30CM
 SectorBend.BLPA
 Drift.D20CM
 SectorBend.BLPA
 Drift.DLNA1
 SectorBend.BLNA
 Drift.D20CM
 SectorBend.BLNA
 Drift.D30CM
 SectorBend.BLNA
 Drift.D20CM
 SectorBend.BLNA
 Drift.DLNA1
 SectorBend.BLNA
 Drift.D20CM
 SectorBend.BLNA
 Drift.D30CM
 SectorBend.BLNA
 Drift.D20CM
 SectorBend.BLNA
 Drift.DLNA1
 SectorBend.BLNA
 Drift.D20CM
 SectorBend.BLNA
 Drift.D30CM
 SectorBend.BLNA
 Drift.D20CM
 SectorBend.BLNA
 Drift.DLNA1
 SectorBend.BLNA
 Drift.D20CM
 SectorBend.BLNA
 Drift.D30CM
 SectorBend.BLNA
 Drift.D20CM
 SectorBend.BLNA
 Drift.DLNA1
 SectorBend.BLNA
 Drift.D20CM
 SectorBend.BLNA
 Drift.D30CM
 SectorBend.BLNA
 Drift.D20CM
 SectorBend.BLNA
 Drift.DLMC1
 BPM.BPM2300
 Quadrupole.QLMC1
 Drift.DLMC2
 BPM.BPM2310
 Quadrupole.QLMC2
 Drift.DLMC3
 BPM.BPM2320
 Quadrupole.QLMC3
 Drift.DLMC4
 BPM.BPM2330
 Quadrupole.QLMC4
 Drift.DLMC5
 Drift.ENDL
 Drift.DMTCH
 BPM.BPM3000
 SkewSextupole.SCS1
 Drift.DCMES1A
 Drift.TARGET
 Drift.DCMES1B
 BPM.BPM3010
 Quadrupole.QCMES1
 Drift.DCMES10
 SectorBend.BCMES1
 Drift.D20CM
 SectorBend.BCMES1
 Drift.DCMES10
 BPM.BPM3020
 Quadrupole.QCMES2
 Drift.DCMES2
 BPM.BPM3030
 Quadrupole.QCMES3
 Drift.DCMES3
 BPM.BPM3040
 Quadrupole.QCMES3
 Drift.DCMES2
 BPM.BPM3050
 Quadrupole.QCMES2
 Drift.DCMES4
 BPM.BPM3060
 Quadrupole.QCMES1
 Drift.DCMES1C
 BPM.BPM3070
 Sextupole.SC1
 Drift.DCMES1D
 Octupole.OC
 Drift.DCMES1C
 BPM.BPM3080
 Quadrupole.QCMES1
 Drift.DCMES20
 SectorBend.BCMES2
 Drift.DCMES20
 BPM.BPM3090
 Quadrupole.QCMES2
 Drift.DCMES2
 BPM.BPM3100
 Quadrupole.QCMES3
 Drift.DCMES3
 BPM.BPM3110
 Quadrupole.QCMES3
 Drift.DCMES2
 BPM.BPM3120
 Quadrupole.QCMES2
 Drift.DCMES30
 SectorBend.BCMES3
 Drift.D20CM
 SectorBend.BCMES3
 Drift.DCMES30
 BPM.BPM3130
 Quadrupole.QCMES1
 Drift.DCMES1
 BPM.BPM3140
 SkewSextupole.SCS2
 Drift.DMTCH
 Drift.DCMES1
 BPM.BPM3200
 Quadrupole.QCMES4
 Drift.DCMES5
 BPM.BPM3210
 Quadrupole.QCMES5
 Drift.DCMES40
 SectorBend.BCMES4
 Drift.DCMES40
 Drift.DCMES6
 BPM.BPM3220
 Quadrupole.QCMES6
 Drift.DCMES7
 BPM.BPM3230
 Quadrupole.QCMES6
 Drift.DCMES8
 Drift.DCMES8
 Drift.DCMES8
 Drift.DCMES8
 Drift.DCMES8
 Drift.DCMES8
 Drift.DCMES8
 Drift.DCMES8
 Drift.DCMES8
 Drift.DCMES8
 BPM.BPM3240
 Quadrupole.QCMES5
 Drift.DCMES5
 BPM.BPM3250
 Quadrupole.QCMES4
 BPM.BPM3260
 Sextupole.SC2
 Drift.DCMES9
 Octupole.OC2
 Drift.ESPOI
 Drift.DCBC1
 BPM.BPM4000
 Quadrupole.QCBC1
 Drift.DCBC2
 BPM.BPM4010
 Quadrupole.QCBC2
 Drift.DCBC4
 SectorBend.BCBC
 Drift.D20CM
 SectorBend.BCBC
 Drift.D20CM
 SectorBend.BCBC
 Drift.DCBC5
 BPM.BPM4100
 Quadrupole.QCBC3
 Drift.DCBC6
 BPM.BPM4110
 Quadrupole.QCBC3
 Drift.DCBC3
 BPM.BPM4120
 Quadrupole.QCBC2
 Drift.DCBC2
 BPM.BPM4130
 Quadrupole.QCBC1
 RMSProfileMonitor.WS1
 Drift.DCBC1
 Drift.XYSPOI
 Drift.DCBC1
 BPM.BPM4140
 Quadrupole.QCBC1
 Drift.DCBC2
 BPM.BPM4150
 Quadrupole.QCBC2
 Drift.DCBC3
 BPM.BPM4200
 Quadrupole.QCBC3
 Drift.DCBC6
 BPM.BPM4210
 Quadrupole.QCBC3
 Drift.DCBC3
 BPM.BPM4220
 Quadrupole.QCBC2
 Drift.DCBC2
 BPM.BPM4230
 Quadrupole.QCBC1
 RMSProfileMonitor.WS2
 Drift.DCBC1
 Drift.XYSPOI
 Drift.DCBC1
 BPM.BPM4240
 Quadrupole.QCBC1
 Drift.DCBC2
 BPM.BPM4250
 Quadrupole.QCBC2
 Drift.DCBC3
 BPM.BPM4300
 Quadrupole.QCBC3
 Drift.DCBC6
 BPM.BPM4310
 Quadrupole.QCBC3
 Drift.DCBC3
 BPM.BPM4320
 Quadrupole.QCBC2
 Drift.DCBC2
 BPM.BPM4330
 Quadrupole.QCBC1
 RMSProfileMonitor.WS3
 Drift.DCBC1
 Drift.XYSPOI
 Drift.DCBC1
 BPM.BPM4340
 Quadrupole.QCBC1
 Drift.DCBC2
 BPM.BPM4350
 Quadrupole.QCBC2
 Drift.DCBC3
 BPM.BPM4400
 Quadrupole.QCBC3
 Drift.DCBC6
 BPM.BPM4410
 Quadrupole.QCBC3
 Drift.DCBC3
 BPM.BPM4420
 Quadrupole.QCBC2
 Drift.DCBC2
 BPM.BPM4430
 Quadrupole.QCBC1
 RMSProfileMonitor.WS4
 Drift.DCBC1
 Drift.XYSPOI
 Drift.BEGF
 Drift.DFB1
 BPM.BPM5000
 Quadrupole.QFB1
 Drift.DFB2
 BPM.BPM5010
 Quadrupole.QFB2
 Drift.DFB3
 BPM.BPM5020
 Quadrupole.QFB3
 Drift.DFB4
 BPM.BPM5030
 Quadrupole.QFB4
 Drift.DFB5A
 Drift.CIP1
 Drift.DFB5B
 BPM.BPM5040
 Quadrupole.QFB5
 Drift.DFB6
 BPM.BPM5050
 Quadrupole.QFB6
 Drift.DFB7
 BPM.BPM6000
 Quadrupole.QFC1
 Drift.DFCQB
 Drift.CIP2
 Drift.DFCQB
 SectorBend.BFCH
 Drift.D20CM
 SectorBend.BFCH
 Drift.D30CM
 SectorBend.BFCH
 Drift.D20CM
 SectorBend.BFCH
 Drift.D30CM
 SectorBend.BFCH
 Drift.D20CM
 SectorBend.BFCH
 Drift.D30CM
 SectorBend.BFCH
 Drift.D20CM
 SectorBend.BFCH
 Drift.D30CM
 SectorBend.BFCH
 Drift.D20CM
 SectorBend.BFCH
 Drift.BHEXIT
 Drift.DFCQB
 BPM.BPM6010
 Quadrupole.QFC2
 Drift.DFC1
 BPM.BPM6020
 Sextupole.SFCH
 Drift.DFCQS
 BPM.BPM6022
 Quadrupole.QFC3
 Drift.DFCQS
 BPM.BPM6024
 Sextupole.SFCH
 Drift.DFCSC
 Drift.COLX
 Drift.DFC2
 BPM.BPM6030
 Quadrupole.QFC2
 Drift.DFCQB
 SectorBend.BFCH
 Drift.D20CM
 SectorBend.BFCH
 Drift.D30CM
 SectorBend.BFCH
 Drift.D20CM
 SectorBend.BFCH
 Drift.D30CM
 SectorBend.BFCH
 Drift.D20CM
 SectorBend.BFCH
 Drift.D30CM
 SectorBend.BFCH
 Drift.D20CM
 SectorBend.BFCH
 Drift.D30CM
 SectorBend.BFCH
 Drift.D20CM
 SectorBend.BFCH
 Drift.DFCQB
 BPM.BPM6040
 Quadrupole.QFC3
 Drift.DFCQB
 SectorBend.BFCH
 Drift.D20CM
 SectorBend.BFCH
 Drift.D30CM
 SectorBend.BFCH
 Drift.D20CM
 SectorBend.BFCH
 Drift.D30CM
 SectorBend.BFCH
 Drift.D20CM
 SectorBend.BFCH
 Drift.D30CM
 SectorBend.BFCH
 Drift.D20CM
 SectorBend.BFCH
 Drift.D30CM
 SectorBend.BFCH
 Drift.D20CM
 SectorBend.BFCH
 Drift.DFCQB
 BPM.BPM6050
 Quadrupole.QFC2
 Drift.DFC1
 BPM.BPM6060
 Sextupole.SFCH
 Drift.DFCQS
 BPM.BPM6062
 Quadrupole.QFC3
 Drift.DFCQS
 BPM.BPM6064
 Sextupole.SFCH
 Drift.DFCSC
 Drift.COLX
 Drift.DFC2
 BPM.BPM6070
 Quadrupole.QFC2
 Drift.DFCQB
 SectorBend.BFCH
 Drift.D20CM
 SectorBend.BFCH
 Drift.D30CM
 SectorBend.BFCH
 Drift.D20CM
 SectorBend.BFCH
 Drift.D30CM
 SectorBend.BFCH
 Drift.D20CM
 SectorBend.BFCH
 Drift.D30CM
 SectorBend.BFCH
 Drift.D20CM
 SectorBend.BFCH
 Drift.D30CM
 SectorBend.BFCH
 Drift.D20CM
 SectorBend.BFCH
 Drift.DFCQB
 BPM.BPM6080
 Quadrupole.QFC1
 Quadrupole.QFC4
 Drift.DFCQB
 SectorBend.BFCV
 Drift.D20CM
 SectorBend.BFCV
 Drift.D30CM
 SectorBend.BFCV
 Drift.D20CM
 SectorBend.BFCV
 Drift.D30CM
 SectorBend.BFCV
 Drift.D20CM
 SectorBend.BFCV
 Drift.D30CM
 SectorBend.BFCV
 Drift.D20CM
 SectorBend.BFCV
 Drift.D30CM
 SectorBend.BFCV
 Drift.D20CM
 SectorBend.BFCV
 Drift.DFCQB
 BPM.BPM6090
 Quadrupole.QFC3
 Drift.DFC1
 BPM.BPM6100
 Sextupole.SFCV
 Drift.DFCQS
 BPM.BPM6102
 Quadrupole.QFC2
 Drift.DFCQS
 BPM.BPM6104
 Sextupole.SFCV
 Drift.DFCSC
 Drift.COLY
 Drift.DFC2
 BPM.BPM6110
 Quadrupole.QFC3
 Drift.DFCQB
 SectorBend.BFCV
 Drift.D20CM
 SectorBend.BFCV
 Drift.D30CM
 SectorBend.BFCV
 Drift.D20CM
 SectorBend.BFCV
 Drift.D30CM
 SectorBend.BFCV
 Drift.D20CM
 SectorBend.BFCV
 Drift.D30CM
 SectorBend.BFCV
 Drift.D20CM
 SectorBend.BFCV
 Drift.D30CM
 SectorBend.BFCV
 Drift.D20CM
 SectorBend.BFCV
 Drift.DFCQB
 BPM.BPM6120
 Quadrupole.QFC2
 Drift.DFCQB
 SectorBend.BFCV
 Drift.D20CM
 SectorBend.BFCV
 Drift.D30CM
 SectorBend.BFCV
 Drift.D20CM
 SectorBend.BFCV
 Drift.D30CM
 SectorBend.BFCV
 Drift.D20CM
 SectorBend.BFCV
 Drift.D30CM
 SectorBend.BFCV
 Drift.D20CM
 SectorBend.BFCV
 Drift.D30CM
 SectorBend.BFCV
 Drift.D20CM
 SectorBend.BFCV
 Drift.DFCQB
 BPM.BPM6130
 Quadrupole.QFC3
 Drift.DFC1
 BPM.BPM6140
 Sextupole.SFCV
 Drift.DFCQS
 BPM.BPM6142
 Quadrupole.QFC2
 Drift.DFCQS
 BPM.BPM6144
 Sextupole.SFCV
 Drift.DFCSC
 Drift.COLY
 Drift.DFC2
 BPM.BPM6150
 Quadrupole.QFC3
 Drift.DFCQB
 SectorBend.BFCV
 Drift.D20CM
 SectorBend.BFCV
 Drift.D30CM
 SectorBend.BFCV
 Drift.D20CM
 SectorBend.BFCV
 Drift.D30CM
 SectorBend.BFCV
 Drift.D20CM
 SectorBend.BFCV
 Drift.D30CM
 SectorBend.BFCV
 Drift.D20CM
 SectorBend.BFCV
 Drift.D30CM
 SectorBend.BFCV
 Drift.D20CM
 SectorBend.BFCV
 Drift.DFCQB
 BPM.BPM6160
 Quadrupole.QFC4
 Drift.DFT12
 BPM.BPM7000
 Quadrupole.QFT6
 Drift.DFT11
 BPM.BPM7010
 Quadrupole.QFT5
 Drift.DFT10
 Drift.COLL3
 Drift.DFT9
 BPM.BPM7020
 Quadrupole.QFT4
 Drift.DFT8
 BPM.BPM7030
 Quadrupole.QFT3
 Drift.DFT7
 Drift.COLL2
 Drift.DFT6
 Drift.SEPB
 Drift.COLL1
 Drift.SEPA
 Drift.DFT5
 Drift.LUMON
 Drift.DFT4
 YCor.IPKICK
 BPM.BPM7040
 Drift.REFP
 Quadrupole.QFT2
 Drift.DFT3
 BPM.BPM7050
 Quadrupole.QFT1
 Drift.DFT2
 Drift.MASK
 Drift.DFT1
 BPM.BPMIP
 Drift.IP

Arc length of beamline:     1759.27 meter
Total number of components: 748
Total numner of elements:   1496

Model Element statistics
------------------------

BPM                 103 
ComponentFrame      748 
Drift               347 
Octupole            2   
Quadrupole          92  
RMSProfileMonitor   4   
SectorBend          185 
Sextupole           12  
SkewSextupole       2   
YCor                1   


ARC distance from MAD file: 1759.27
